Analysis & Synthesis report for filter_design
Mon Mar 14 20:39:06 2022
Quartus Prime Version 20.1.1 Build 720 11/11/2020 SJ Standard Edition


---------------------
; Table of Contents ;
---------------------
  1. Legal Notice
  2. Analysis & Synthesis Summary
  3. Analysis & Synthesis Settings
  4. Parallel Compilation
  5. Source assignments for EE465_filter_test:SRRC_test
  6. Analysis & Synthesis Messages



----------------
; Legal Notice ;
----------------
Copyright (C) 2020  Intel Corporation. All rights reserved.
Your use of Intel Corporation's design tools, logic functions 
and other software and tools, and any partner logic 
functions, and any output files from any of the foregoing 
(including device programming or simulation files), and any 
associated documentation or information are expressly subject 
to the terms and conditions of the Intel Program License 
Subscription Agreement, the Intel Quartus Prime License Agreement,
the Intel FPGA IP License Agreement, or other applicable license
agreement, including, without limitation, that your use is for
the sole purpose of programming logic devices manufactured by
Intel and sold by Intel or its authorized distributors.  Please
refer to the applicable agreement for further details, at
https://fpgasoftware.intel.com/eula.



+--------------------------------------------------------------------------------------+
; Analysis & Synthesis Summary                                                         ;
+------------------------------------+-------------------------------------------------+
; Analysis & Synthesis Status        ; Failed - Mon Mar 14 20:39:06 2022               ;
; Quartus Prime Version              ; 20.1.1 Build 720 11/11/2020 SJ Standard Edition ;
; Revision Name                      ; filter_design                                   ;
; Top-level Entity Name              ; filter_design                                   ;
; Family                             ; Cyclone IV E                                    ;
; Total logic elements               ; N/A until Partition Merge                       ;
;     Total combinational functions  ; N/A until Partition Merge                       ;
;     Dedicated logic registers      ; N/A until Partition Merge                       ;
; Total registers                    ; N/A until Partition Merge                       ;
; Total pins                         ; N/A until Partition Merge                       ;
; Total virtual pins                 ; N/A until Partition Merge                       ;
; Total memory bits                  ; N/A until Partition Merge                       ;
; Embedded Multiplier 9-bit elements ; N/A until Partition Merge                       ;
; Total PLLs                         ; N/A until Partition Merge                       ;
+------------------------------------+-------------------------------------------------+


+------------------------------------------------------------------------------------------------------------+
; Analysis & Synthesis Settings                                                                              ;
+------------------------------------------------------------------+--------------------+--------------------+
; Option                                                           ; Setting            ; Default Value      ;
+------------------------------------------------------------------+--------------------+--------------------+
; Device                                                           ; EP4CE115F29C7      ;                    ;
; Top-level entity name                                            ; filter_design      ; filter_design      ;
; Family name                                                      ; Cyclone IV E       ; Cyclone V          ;
; Use smart compilation                                            ; Off                ; Off                ;
; Enable parallel Assembler and Timing Analyzer during compilation ; On                 ; On                 ;
; Enable compact report table                                      ; Off                ; Off                ;
; Restructure Multiplexers                                         ; Auto               ; Auto               ;
; Create Debugging Nodes for IP Cores                              ; Off                ; Off                ;
; Preserve fewer node names                                        ; On                 ; On                 ;
; Intel FPGA IP Evaluation Mode                                    ; Enable             ; Enable             ;
; Verilog Version                                                  ; Verilog_2001       ; Verilog_2001       ;
; VHDL Version                                                     ; VHDL_1993          ; VHDL_1993          ;
; State Machine Processing                                         ; Auto               ; Auto               ;
; Safe State Machine                                               ; Off                ; Off                ;
; Extract Verilog State Machines                                   ; On                 ; On                 ;
; Extract VHDL State Machines                                      ; On                 ; On                 ;
; Ignore Verilog initial constructs                                ; Off                ; Off                ;
; Iteration limit for constant Verilog loops                       ; 5000               ; 5000               ;
; Iteration limit for non-constant Verilog loops                   ; 250                ; 250                ;
; Add Pass-Through Logic to Inferred RAMs                          ; On                 ; On                 ;
; Infer RAMs from Raw Logic                                        ; On                 ; On                 ;
; Parallel Synthesis                                               ; On                 ; On                 ;
; DSP Block Balancing                                              ; Auto               ; Auto               ;
; NOT Gate Push-Back                                               ; On                 ; On                 ;
; Power-Up Don't Care                                              ; On                 ; On                 ;
; Remove Redundant Logic Cells                                     ; Off                ; Off                ;
; Remove Duplicate Registers                                       ; On                 ; On                 ;
; Ignore CARRY Buffers                                             ; Off                ; Off                ;
; Ignore CASCADE Buffers                                           ; Off                ; Off                ;
; Ignore GLOBAL Buffers                                            ; Off                ; Off                ;
; Ignore ROW GLOBAL Buffers                                        ; Off                ; Off                ;
; Ignore LCELL Buffers                                             ; Off                ; Off                ;
; Ignore SOFT Buffers                                              ; On                 ; On                 ;
; Limit AHDL Integers to 32 Bits                                   ; Off                ; Off                ;
; Optimization Technique                                           ; Balanced           ; Balanced           ;
; Carry Chain Length                                               ; 70                 ; 70                 ;
; Auto Carry Chains                                                ; On                 ; On                 ;
; Auto Open-Drain Pins                                             ; On                 ; On                 ;
; Perform WYSIWYG Primitive Resynthesis                            ; Off                ; Off                ;
; Auto ROM Replacement                                             ; On                 ; On                 ;
; Auto RAM Replacement                                             ; On                 ; On                 ;
; Auto DSP Block Replacement                                       ; On                 ; On                 ;
; Auto Shift Register Replacement                                  ; Auto               ; Auto               ;
; Allow Shift Register Merging across Hierarchies                  ; Auto               ; Auto               ;
; Auto Clock Enable Replacement                                    ; On                 ; On                 ;
; Strict RAM Replacement                                           ; Off                ; Off                ;
; Allow Synchronous Control Signals                                ; On                 ; On                 ;
; Force Use of Synchronous Clear Signals                           ; Off                ; Off                ;
; Auto RAM Block Balancing                                         ; On                 ; On                 ;
; Auto RAM to Logic Cell Conversion                                ; Off                ; Off                ;
; Auto Resource Sharing                                            ; Off                ; Off                ;
; Allow Any RAM Size For Recognition                               ; Off                ; Off                ;
; Allow Any ROM Size For Recognition                               ; Off                ; Off                ;
; Allow Any Shift Register Size For Recognition                    ; Off                ; Off                ;
; Use LogicLock Constraints during Resource Balancing              ; On                 ; On                 ;
; Ignore translate_off and synthesis_off directives                ; Off                ; Off                ;
; Timing-Driven Synthesis                                          ; On                 ; On                 ;
; Report Parameter Settings                                        ; On                 ; On                 ;
; Report Source Assignments                                        ; On                 ; On                 ;
; Report Connectivity Checks                                       ; On                 ; On                 ;
; Ignore Maximum Fan-Out Assignments                               ; Off                ; Off                ;
; Synchronization Register Chain Length                            ; 2                  ; 2                  ;
; Power Optimization During Synthesis                              ; Normal compilation ; Normal compilation ;
; HDL message level                                                ; Level2             ; Level2             ;
; Suppress Register Optimization Related Messages                  ; Off                ; Off                ;
; Number of Removed Registers Reported in Synthesis Report         ; 5000               ; 5000               ;
; Number of Swept Nodes Reported in Synthesis Report               ; 5000               ; 5000               ;
; Number of Inverted Registers Reported in Synthesis Report        ; 100                ; 100                ;
; Clock MUX Protection                                             ; On                 ; On                 ;
; Auto Gated Clock Conversion                                      ; Off                ; Off                ;
; Block Design Naming                                              ; Auto               ; Auto               ;
; SDC constraint protection                                        ; Off                ; Off                ;
; Synthesis Effort                                                 ; Auto               ; Auto               ;
; Shift Register Replacement - Allow Asynchronous Clear Signal     ; On                 ; On                 ;
; Pre-Mapping Resynthesis Optimization                             ; Off                ; Off                ;
; Analysis & Synthesis Message Level                               ; Medium             ; Medium             ;
; Disable Register Merging Across Hierarchies                      ; Auto               ; Auto               ;
; Resource Aware Inference For Block RAM                           ; On                 ; On                 ;
+------------------------------------------------------------------+--------------------+--------------------+


+------------------------------------------+
; Parallel Compilation                     ;
+----------------------------+-------------+
; Processors                 ; Number      ;
+----------------------------+-------------+
; Number detected on machine ; 16          ;
; Maximum allowed            ; 8           ;
;                            ;             ;
; Average used               ; 1.00        ;
; Maximum used               ; 1           ;
;                            ;             ;
; Usage by Processor         ; % Time Used ;
;     Processor 1            ; 100.0%      ;
+----------------------------+-------------+


+------------------------------------------------------------------------------------------------------------------------------+
; Source assignments for EE465_filter_test:SRRC_test                                                                           ;
+--------------------------------------------------------------------------------+--------------------+------+-----------------+
; Assignment                                                                     ; Value              ; From ; To              ;
+--------------------------------------------------------------------------------+--------------------+------+-----------------+
; ADV_NETLIST_OPT_SYNTH_WYSIWYG_REMAP                                            ; OFF                ;      ;                 ;
; SYNCHRONIZATION_REGISTER_CHAIN_LENGTH                                          ; 2                  ;      ;                 ;
; OPTIMIZE_POWER_DURING_SYNTHESIS                                                ; NORMAL COMPILATION ;      ;                 ;
; TXPMA_SLEW_RATE                                                                ; LOW                ;      ;                 ;
; ADCE_ENABLED                                                                   ; AUTO               ;      ;                 ;
; BLOCK_RAM_TO_MLAB_CELL_CONVERSION                                              ; ON                 ;      ;                 ;
; BLOCK_RAM_AND_MLAB_EQUIVALENT_POWER_UP_CONDITIONS                              ; AUTO               ;      ;                 ;
; BLOCK_RAM_AND_MLAB_EQUIVALENT_PAUSED_READ_CAPABILITIES                         ; CARE               ;      ;                 ;
; OPTIMIZE_POWER_DURING_FITTING                                                  ; NORMAL COMPILATION ;      ;                 ;
; PHYSICAL_SYNTHESIS_COMBO_LOGIC_FOR_AREA                                        ; OFF                ;      ;                 ;
; PHYSICAL_SYNTHESIS_COMBO_LOGIC                                                 ; OFF                ;      ;                 ;
; PHYSICAL_SYNTHESIS_REGISTER_DUPLICATION                                        ; OFF                ;      ;                 ;
; PHYSICAL_SYNTHESIS_MAP_LOGIC_TO_MEMORY_FOR_AREA                                ; OFF                ;      ;                 ;
; PHYSICAL_SYNTHESIS_REGISTER_RETIMING                                           ; OFF                ;      ;                 ;
; PHYSICAL_SYNTHESIS_ASYNCHRONOUS_SIGNAL_PIPELINING                              ; OFF                ;      ;                 ;
; ENABLE_BENEFICIAL_SKEW_OPTIMIZATION                                            ; ON                 ;      ;                 ;
; FORM_DDR_CLUSTERING_CLIQUE                                                     ; OFF                ;      ;                 ;
; POWER_REPORT_SIGNAL_ACTIVITY                                                   ; OFF                ;      ;                 ;
; POWER_REPORT_POWER_DISSIPATION                                                 ; OFF                ;      ;                 ;
; ARRIAIIGX_RX_CDR_LOCKUP_FIX_OVERRIDE                                           ; OFF                ;      ;                 ;
; MUX_RESTRUCTURE                                                                ; AUTO               ;      ;                 ;
; MLAB_ADD_TIMING_CONSTRAINTS_FOR_MIXED_PORT_FEED_THROUGH_MODE_SETTING_DONT_CARE ; OFF                ;      ;                 ;
; STATE_MACHINE_PROCESSING                                                       ; AUTO               ;      ;                 ;
; SAFE_STATE_MACHINE                                                             ; OFF                ;      ;                 ;
; IGNORE_VERILOG_INITIAL_CONSTRUCTS                                              ; OFF                ;      ;                 ;
; VERILOG_CONSTANT_LOOP_LIMIT                                                    ; 5000               ;      ;                 ;
; VERILOG_NON_CONSTANT_LOOP_LIMIT                                                ; 250                ;      ;                 ;
; INFER_RAMS_FROM_RAW_LOGIC                                                      ; ON                 ;      ;                 ;
; DSP_BLOCK_BALANCING                                                            ; AUTO               ;      ;                 ;
; NOT_GATE_PUSH_BACK                                                             ; ON                 ;      ;                 ;
; REMOVE_REDUNDANT_LOGIC_CELLS                                                   ; OFF                ;      ;                 ;
; REMOVE_DUPLICATE_REGISTERS                                                     ; ON                 ;      ;                 ;
; IGNORE_CARRY_BUFFERS                                                           ; OFF                ;      ;                 ;
; IGNORE_CASCADE_BUFFERS                                                         ; OFF                ;      ;                 ;
; IGNORE_GLOBAL_BUFFERS                                                          ; OFF                ;      ;                 ;
; IGNORE_ROW_GLOBAL_BUFFERS                                                      ; OFF                ;      ;                 ;
; IGNORE_LCELL_BUFFERS                                                           ; OFF                ;      ;                 ;
; MAX7000_IGNORE_LCELL_BUFFERS                                                   ; AUTO               ;      ;                 ;
; IGNORE_SOFT_BUFFERS                                                            ; ON                 ;      ;                 ;
; MAX7000_IGNORE_SOFT_BUFFERS                                                    ; OFF                ;      ;                 ;
; AUTO_GLOBAL_CLOCK_MAX                                                          ; ON                 ;      ;                 ;
; AUTO_GLOBAL_OE_MAX                                                             ; ON                 ;      ;                 ;
; MAX_AUTO_GLOBAL_REGISTER_CONTROLS                                              ; ON                 ;      ;                 ;
; AUTO_IMPLEMENT_IN_ROM                                                          ; OFF                ;      ;                 ;
; APEX20K_TECHNOLOGY_MAPPER                                                      ; LUT                ;      ;                 ;
; OPTIMIZATION_TECHNIQUE                                                         ; BALANCED           ;      ;                 ;
; STRATIXII_OPTIMIZATION_TECHNIQUE                                               ; BALANCED           ;      ;                 ;
; CYCLONE_OPTIMIZATION_TECHNIQUE                                                 ; BALANCED           ;      ;                 ;
; CYCLONEII_OPTIMIZATION_TECHNIQUE                                               ; BALANCED           ;      ;                 ;
; STRATIX_OPTIMIZATION_TECHNIQUE                                                 ; BALANCED           ;      ;                 ;
; MAXII_OPTIMIZATION_TECHNIQUE                                                   ; BALANCED           ;      ;                 ;
; MAX7000_OPTIMIZATION_TECHNIQUE                                                 ; SPEED              ;      ;                 ;
; APEX20K_OPTIMIZATION_TECHNIQUE                                                 ; BALANCED           ;      ;                 ;
; MERCURY_OPTIMIZATION_TECHNIQUE                                                 ; AREA               ;      ;                 ;
; FLEX6K_OPTIMIZATION_TECHNIQUE                                                  ; AREA               ;      ;                 ;
; FLEX10K_OPTIMIZATION_TECHNIQUE                                                 ; AREA               ;      ;                 ;
; ALLOW_XOR_GATE_USAGE                                                           ; ON                 ;      ;                 ;
; AUTO_LCELL_INSERTION                                                           ; ON                 ;      ;                 ;
; CARRY_CHAIN_LENGTH                                                             ; 48                 ;      ;                 ;
; FLEX6K_CARRY_CHAIN_LENGTH                                                      ; 32                 ;      ;                 ;
; FLEX10K_CARRY_CHAIN_LENGTH                                                     ; 32                 ;      ;                 ;
; MERCURY_CARRY_CHAIN_LENGTH                                                     ; 48                 ;      ;                 ;
; STRATIX_CARRY_CHAIN_LENGTH                                                     ; 70                 ;      ;                 ;
; STRATIXII_CARRY_CHAIN_LENGTH                                                   ; 70                 ;      ;                 ;
; CASCADE_CHAIN_LENGTH                                                           ; 2                  ;      ;                 ;
; PARALLEL_EXPANDER_CHAIN_LENGTH                                                 ; 16                 ;      ;                 ;
; MAX7000_PARALLEL_EXPANDER_CHAIN_LENGTH                                         ; 4                  ;      ;                 ;
; AUTO_CARRY_CHAINS                                                              ; ON                 ;      ;                 ;
; AUTO_CASCADE_CHAINS                                                            ; ON                 ;      ;                 ;
; AUTO_PARALLEL_EXPANDERS                                                        ; ON                 ;      ;                 ;
; AUTO_OPEN_DRAIN_PINS                                                           ; ON                 ;      ;                 ;
; AUTO_ROM_RECOGNITION                                                           ; ON                 ;      ;                 ;
; AUTO_RAM_RECOGNITION                                                           ; ON                 ;      ;                 ;
; AUTO_DSP_RECOGNITION                                                           ; ON                 ;      ;                 ;
; AUTO_SHIFT_REGISTER_RECOGNITION                                                ; AUTO               ;      ;                 ;
; ALLOW_SHIFT_REGISTER_MERGING_ACROSS_HIERARCHIES                                ; AUTO               ;      ;                 ;
; AUTO_CLOCK_ENABLE_RECOGNITION                                                  ; ON                 ;      ;                 ;
; STRICT_RAM_RECOGNITION                                                         ; OFF                ;      ;                 ;
; ALLOW_SYNCH_CTRL_USAGE                                                         ; ON                 ;      ;                 ;
; FORCE_SYNCH_CLEAR                                                              ; OFF                ;      ;                 ;
; AUTO_RAM_TO_LCELL_CONVERSION                                                   ; OFF                ;      ;                 ;
; AUTO_RESOURCE_SHARING                                                          ; OFF                ;      ;                 ;
; ALLOW_ANY_RAM_SIZE_FOR_RECOGNITION                                             ; OFF                ;      ;                 ;
; ALLOW_ANY_ROM_SIZE_FOR_RECOGNITION                                             ; OFF                ;      ;                 ;
; ALLOW_ANY_SHIFT_REGISTER_SIZE_FOR_RECOGNITION                                  ; OFF                ;      ;                 ;
; MAX7000_FANIN_PER_CELL                                                         ; 100                ;      ;                 ;
; SYNTH_TIMING_DRIVEN_SYNTHESIS                                                  ; ON                 ;      ;                 ;
; IGNORE_MAX_FANOUT_ASSIGNMENTS                                                  ; OFF                ;      ;                 ;
; USE_HIGH_SPEED_ADDER                                                           ; AUTO               ;      ;                 ;
; SYNTH_GATED_CLOCK_CONVERSION                                                   ; OFF                ;      ;                 ;
; BLOCK_DESIGN_NAMING                                                            ; AUTO               ;      ;                 ;
; SHIFT_REGISTER_RECOGNITION_ACLR_SIGNAL                                         ; ON                 ;      ;                 ;
; AUTO_MERGE_PLLS                                                                ; ON                 ;      ;                 ;
; IGNORE_MODE_FOR_MERGE                                                          ; OFF                ;      ;                 ;
; SLOW_SLEW_RATE                                                                 ; OFF                ;      ;                 ;
; PCI_IO                                                                         ; OFF                ;      ;                 ;
; TURBO_BIT                                                                      ; ON                 ;      ;                 ;
; WEAK_PULL_UP_RESISTOR                                                          ; OFF                ;      ;                 ;
; ENABLE_BUS_HOLD_CIRCUITRY                                                      ; OFF                ;      ;                 ;
; AUTO_GLOBAL_MEMORY_CONTROLS                                                    ; OFF                ;      ;                 ;
; QII_AUTO_PACKED_REGISTERS                                                      ; AUTO               ;      ;                 ;
; AUTO_PACKED_REGISTERS_MAX                                                      ; AUTO               ;      ;                 ;
; NORMAL_LCELL_INSERT                                                            ; ON                 ;      ;                 ;
; CARRY_OUT_PINS_LCELL_INSERT                                                    ; ON                 ;      ;                 ;
; XSTL_INPUT_ALLOW_SE_BUFFER                                                     ; OFF                ;      ;                 ;
; TREAT_BIDIR_AS_OUTPUT                                                          ; OFF                ;      ;                 ;
; AUTO_TURBO_BIT                                                                 ; ON                 ;      ;                 ;
; AUTO_GLOBAL_CLOCK                                                              ; ON                 ;      ;                 ;
; AUTO_GLOBAL_OE                                                                 ; ON                 ;      ;                 ;
; AUTO_GLOBAL_REGISTER_CONTROLS                                                  ; ON                 ;      ;                 ;
; SYNCHRONIZER_IDENTIFICATION                                                    ; OFF                ;      ;                 ;
; M144K_BLOCK_READ_CLOCK_DUTY_CYCLE_DEPENDENCY                                   ; OFF                ;      ;                 ;
; CLAMPING_DIODE                                                                 ; OFF                ;      ;                 ;
; IMPLEMENT_MLAB_IN_16_BIT_DEEP_MODE                                             ; OFF                ;      ;                 ;
; REMOVE_REDUNDANT_LOGIC_CELLS                                                   ; off                ;      ; mapped_lfsr[0]  ;
; REMOVE_REDUNDANT_LOGIC_CELLS                                                   ; off                ;      ; mapped_lfsr[10] ;
; REMOVE_REDUNDANT_LOGIC_CELLS                                                   ; off                ;      ; mapped_lfsr[11] ;
; REMOVE_REDUNDANT_LOGIC_CELLS                                                   ; off                ;      ; mapped_lfsr[12] ;
; REMOVE_REDUNDANT_LOGIC_CELLS                                                   ; off                ;      ; mapped_lfsr[13] ;
; REMOVE_REDUNDANT_LOGIC_CELLS                                                   ; off                ;      ; mapped_lfsr[14] ;
; REMOVE_REDUNDANT_LOGIC_CELLS                                                   ; off                ;      ; mapped_lfsr[15] ;
; REMOVE_REDUNDANT_LOGIC_CELLS                                                   ; off                ;      ; mapped_lfsr[16] ;
; REMOVE_REDUNDANT_LOGIC_CELLS                                                   ; off                ;      ; mapped_lfsr[17] ;
; REMOVE_REDUNDANT_LOGIC_CELLS                                                   ; off                ;      ; mapped_lfsr[1]  ;
; REMOVE_REDUNDANT_LOGIC_CELLS                                                   ; off                ;      ; mapped_lfsr[2]  ;
; REMOVE_REDUNDANT_LOGIC_CELLS                                                   ; off                ;      ; mapped_lfsr[3]  ;
; REMOVE_REDUNDANT_LOGIC_CELLS                                                   ; off                ;      ; mapped_lfsr[4]  ;
; REMOVE_REDUNDANT_LOGIC_CELLS                                                   ; off                ;      ; mapped_lfsr[5]  ;
; REMOVE_REDUNDANT_LOGIC_CELLS                                                   ; off                ;      ; mapped_lfsr[6]  ;
; REMOVE_REDUNDANT_LOGIC_CELLS                                                   ; off                ;      ; mapped_lfsr[7]  ;
; REMOVE_REDUNDANT_LOGIC_CELLS                                                   ; off                ;      ; mapped_lfsr[8]  ;
; REMOVE_REDUNDANT_LOGIC_CELLS                                                   ; off                ;      ; mapped_lfsr[9]  ;
; IGNORE_LCELL_BUFFERS                                                           ; off                ;      ; mapped_lfsr[0]  ;
; IGNORE_LCELL_BUFFERS                                                           ; off                ;      ; mapped_lfsr[10] ;
; IGNORE_LCELL_BUFFERS                                                           ; off                ;      ; mapped_lfsr[11] ;
; IGNORE_LCELL_BUFFERS                                                           ; off                ;      ; mapped_lfsr[12] ;
; IGNORE_LCELL_BUFFERS                                                           ; off                ;      ; mapped_lfsr[13] ;
; IGNORE_LCELL_BUFFERS                                                           ; off                ;      ; mapped_lfsr[14] ;
; IGNORE_LCELL_BUFFERS                                                           ; off                ;      ; mapped_lfsr[15] ;
; IGNORE_LCELL_BUFFERS                                                           ; off                ;      ; mapped_lfsr[16] ;
; IGNORE_LCELL_BUFFERS                                                           ; off                ;      ; mapped_lfsr[17] ;
; IGNORE_LCELL_BUFFERS                                                           ; off                ;      ; mapped_lfsr[1]  ;
; IGNORE_LCELL_BUFFERS                                                           ; off                ;      ; mapped_lfsr[2]  ;
; IGNORE_LCELL_BUFFERS                                                           ; off                ;      ; mapped_lfsr[3]  ;
; IGNORE_LCELL_BUFFERS                                                           ; off                ;      ; mapped_lfsr[4]  ;
; IGNORE_LCELL_BUFFERS                                                           ; off                ;      ; mapped_lfsr[5]  ;
; IGNORE_LCELL_BUFFERS                                                           ; off                ;      ; mapped_lfsr[6]  ;
; IGNORE_LCELL_BUFFERS                                                           ; off                ;      ; mapped_lfsr[7]  ;
; IGNORE_LCELL_BUFFERS                                                           ; off                ;      ; mapped_lfsr[8]  ;
; IGNORE_LCELL_BUFFERS                                                           ; off                ;      ; mapped_lfsr[9]  ;
; OPTIMIZE_POWER_DURING_SYNTHESIS                                                ; NORMAL_COMPILATION ;      ;                 ;
+--------------------------------------------------------------------------------+--------------------+------+-----------------+


+-------------------------------+
; Analysis & Synthesis Messages ;
+-------------------------------+
Info: *******************************************************************
Info: Running Quartus Prime Analysis & Synthesis
    Info: Version 20.1.1 Build 720 11/11/2020 SJ Standard Edition
    Info: Processing started: Mon Mar 14 20:38:57 2022
Info: Command: quartus_map --read_settings_files=on --write_settings_files=off filter_design -c filter_design
Warning (18236): Number of processors has not been specified which may cause overloading on shared machines.  Set the global assignment NUM_PARALLEL_PROCESSORS in your QSF to an appropriate value for best performance.
Info (20030): Parallel compilation is enabled and will use 8 of the 8 processors detected
Info (12021): Found 1 design units, including 1 entities, in source file EE465_filter_test.qxp
    Info (12023): Found entity 1: EE465_filter_test File: /home/tob208/engr-ece/Documents/EE465/3Deliverable/EE465_filter_test.qxp Line: -1
Info (12021): Found 1 design units, including 1 entities, in source file filter_TB.sv
    Info (12023): Found entity 1: filter_TB File: /home/tob208/engr-ece/Documents/EE465/3Deliverable/filter_TB.sv Line: 2
Info (12021): Found 1 design units, including 1 entities, in source file pulse_shape.v
    Info (12023): Found entity 1: GSPS_filt File: /home/tob208/engr-ece/Documents/EE465/3Deliverable/pulse_shape.v Line: 1
Info (12021): Found 1 design units, including 1 entities, in source file clk_en.v
    Info (12023): Found entity 1: clk_en File: /home/tob208/engr-ece/Documents/EE465/3Deliverable/clk_en.v Line: 1
Info (12021): Found 1 design units, including 1 entities, in source file filter_design.v
    Info (12023): Found entity 1: filter_design File: /home/tob208/engr-ece/Documents/EE465/3Deliverable/filter_design.v Line: 1
Info (12021): Found 1 design units, including 1 entities, in source file GSM.v
    Info (12023): Found entity 1: GSM_filt File: /home/tob208/engr-ece/Documents/EE465/3Deliverable/GSM.v Line: 1
Info (12021): Found 1 design units, including 1 entities, in source file PPS.v
    Info (12023): Found entity 1: PPS_filt File: /home/tob208/engr-ece/Documents/EE465/3Deliverable/PPS.v Line: 1
Info (12021): Found 1 design units, including 1 entities, in source file ee465_gold_standard_srrc.v
    Info (12023): Found entity 1: ee465_gold_standard_srrc File: /home/tob208/engr-ece/Documents/EE465/3Deliverable/ee465_gold_standard_srrc.v Line: 1
Info (12127): Elaborating entity "filter_design" for the top level hierarchy
Warning (10036): Verilog HDL or VHDL warning at filter_design.v(34): object "registered_ADC_B" assigned a value but never read File: /home/tob208/engr-ece/Documents/EE465/3Deliverable/filter_design.v Line: 34
Info (12128): Elaborating entity "EE465_filter_test" for hierarchy "EE465_filter_test:SRRC_test" File: /home/tob208/engr-ece/Documents/EE465/3Deliverable/filter_design.v Line: 111
Info (12128): Elaborating entity "PPS_filt" for hierarchy "PPS_filt:DUT" File: /home/tob208/engr-ece/Documents/EE465/3Deliverable/filter_design.v Line: 126
Warning (10036): Verilog HDL or VHDL warning at PPS.v(171): object "ind" assigned a value but never read File: /home/tob208/engr-ece/Documents/EE465/3Deliverable/PPS.v Line: 171
Warning (10036): Verilog HDL or VHDL warning at PPS.v(172): object "index" assigned a value but never read File: /home/tob208/engr-ece/Documents/EE465/3Deliverable/PPS.v Line: 172
Error (10119): Verilog HDL Loop Statement error at PPS.v(130): loop with non-constant loop condition must terminate within 250 iterations File: /home/tob208/engr-ece/Documents/EE465/3Deliverable/PPS.v Line: 130
Error (12152): Can't elaborate user hierarchy "PPS_filt:DUT" File: /home/tob208/engr-ece/Documents/EE465/3Deliverable/filter_design.v Line: 126
Error: Quartus Prime Analysis & Synthesis was unsuccessful. 2 errors, 4 warnings
    Error: Peak virtual memory: 692 megabytes
    Error: Processing ended: Mon Mar 14 20:39:06 2022
    Error: Elapsed time: 00:00:09
    Error: Total CPU time (on all processors): 00:00:28


