Flow report for GSM_101Mults
Tue Apr 12 00:52:46 2022
Quartus Prime Version 20.1.1 Build 720 11/11/2020 SJ Lite Edition


---------------------
; Table of Contents ;
---------------------
  1. Legal Notice
  2. Flow Summary
  3. Flow Settings
  4. Flow Non-Default Global Settings
  5. Flow Elapsed Time
  6. Flow OS Summary
  7. Flow Log
  8. Flow Messages
  9. Flow Suppressed Messages



----------------
; Legal Notice ;
----------------
Copyright (C) 2020  Intel Corporation. All rights reserved.
Your use of Intel Corporation's design tools, logic functions 
and other software and tools, and any partner logic 
functions, and any output files from any of the foregoing 
(including device programming or simulation files), and any 
associated documentation or information are expressly subject 
to the terms and conditions of the Intel Program License 
Subscription Agreement, the Intel Quartus Prime License Agreement,
the Intel FPGA IP License Agreement, or other applicable license
agreement, including, without limitation, that your use is for
the sole purpose of programming logic devices manufactured by
Intel and sold by Intel or its authorized distributors.  Please
refer to the applicable agreement for further details, at
https://fpgasoftware.intel.com/eula.



+----------------------------------------------------------------------------------+
; Flow Summary                                                                     ;
+------------------------------------+---------------------------------------------+
; Flow Status                        ; Successful - Tue Apr 12 00:52:46 2022       ;
; Quartus Prime Version              ; 20.1.1 Build 720 11/11/2020 SJ Lite Edition ;
; Revision Name                      ; GSM_101Mults                                ;
; Top-level Entity Name              ; GSM_101Mults                                ;
; Family                             ; Cyclone IV E                                ;
; Device                             ; EP4CE115F29C7                               ;
; Timing Models                      ; Final                                       ;
; Total logic elements               ; 5,115 / 114,480 ( 4 % )                     ;
;     Total combinational functions  ; 5,114 / 114,480 ( 4 % )                     ;
;     Dedicated logic registers      ; 3,008 / 114,480 ( 3 % )                     ;
; Total registers                    ; 3008                                        ;
; Total pins                         ; 39 / 529 ( 7 % )                            ;
; Total virtual pins                 ; 0                                           ;
; Total memory bits                  ; 0 / 3,981,312 ( 0 % )                       ;
; Embedded Multiplier 9-bit elements ; 26 / 532 ( 5 % )                            ;
; Total PLLs                         ; 0 / 4 ( 0 % )                               ;
+------------------------------------+---------------------------------------------+


+-----------------------------------------+
; Flow Settings                           ;
+-------------------+---------------------+
; Option            ; Setting             ;
+-------------------+---------------------+
; Start date & time ; 04/12/2022 00:48:22 ;
; Main task         ; Compilation         ;
; Revision Name     ; GSM_101Mults        ;
+-------------------+---------------------+


+------------------------------------------------------------------------------------------------------------------------------------------------+
; Flow Non-Default Global Settings                                                                                                               ;
+-------------------------------------+----------------------------------------+---------------+-------------+-----------------------------------+
; Assignment Name                     ; Value                                  ; Default Value ; Entity Name ; Section Id                        ;
+-------------------------------------+----------------------------------------+---------------+-------------+-----------------------------------+
; COMPILER_SIGNATURE_ID               ; 273063040884240.164974610213250        ; --            ; --          ; --                                ;
; EDA_GENERATE_FUNCTIONAL_NETLIST     ; Off                                    ; --            ; --          ; eda_board_design_timing           ;
; EDA_GENERATE_FUNCTIONAL_NETLIST     ; Off                                    ; --            ; --          ; eda_board_design_boundary_scan    ;
; EDA_GENERATE_FUNCTIONAL_NETLIST     ; Off                                    ; --            ; --          ; eda_board_design_signal_integrity ;
; EDA_GENERATE_FUNCTIONAL_NETLIST     ; Off                                    ; --            ; --          ; eda_board_design_symbol           ;
; EDA_OUTPUT_DATA_FORMAT              ; Verilog Hdl                            ; --            ; --          ; eda_simulation                    ;
; EDA_SIMULATION_TOOL                 ; ModelSim-Altera (Verilog)              ; <None>        ; --          ; --                                ;
; EDA_TIME_SCALE                      ; 1 ps                                   ; --            ; --          ; eda_simulation                    ;
; MAX_CORE_JUNCTION_TEMP              ; 85                                     ; --            ; --          ; --                                ;
; MIN_CORE_JUNCTION_TEMP              ; 0                                      ; --            ; --          ; --                                ;
; NOMINAL_CORE_SUPPLY_VOLTAGE         ; 1.2V                                   ; --            ; --          ; --                                ;
; PARTITION_COLOR                     ; -- (Not supported for targeted family) ; --            ; --          ; Top                               ;
; PARTITION_FITTER_PRESERVATION_LEVEL ; -- (Not supported for targeted family) ; --            ; --          ; Top                               ;
; PARTITION_NETLIST_TYPE              ; -- (Not supported for targeted family) ; --            ; --          ; Top                               ;
; POWER_BOARD_THERMAL_MODEL           ; None (CONSERVATIVE)                    ; --            ; --          ; --                                ;
; POWER_PRESET_COOLING_SOLUTION       ; 23 MM HEAT SINK WITH 200 LFPM AIRFLOW  ; --            ; --          ; --                                ;
; PROJECT_OUTPUT_DIRECTORY            ; output_files                           ; --            ; --          ; --                                ;
+-------------------------------------+----------------------------------------+---------------+-------------+-----------------------------------+


+--------------------------------------------------------------------------------------------------------------------------+
; Flow Elapsed Time                                                                                                        ;
+----------------------+--------------+-------------------------+---------------------+------------------------------------+
; Module Name          ; Elapsed Time ; Average Processors Used ; Peak Virtual Memory ; Total CPU Time (on all processors) ;
+----------------------+--------------+-------------------------+---------------------+------------------------------------+
; Analysis & Synthesis ; 00:01:07     ; 1.0                     ; 411 MB              ; 00:01:52                           ;
; Fitter               ; 00:02:26     ; 1.0                     ; 936 MB              ; 00:03:10                           ;
; Assembler            ; 00:00:13     ; 1.0                     ; 376 MB              ; 00:00:13                           ;
; Timing Analyzer      ; 00:00:14     ; 1.2                     ; 550 MB              ; 00:00:16                           ;
; EDA Netlist Writer   ; 00:00:05     ; 1.0                     ; 635 MB              ; 00:00:05                           ;
; Total                ; 00:04:05     ; --                      ; --                  ; 00:05:36                           ;
+----------------------+--------------+-------------------------+---------------------+------------------------------------+


+------------------------------------------------------------------------------------------------------------------+
; Flow OS Summary                                                                                                  ;
+----------------------+----------------------------------------------+--------------+------------+----------------+
; Module Name          ; Machine Hostname                             ; OS Name      ; OS Version ; Processor type ;
+----------------------+----------------------------------------------+--------------+------------+----------------+
; Analysis & Synthesis ; ubuintu-HP-Spectre-x360-Convertible-13-ac0XX ; Ubuntu 21.10 ; 21         ; x86_64         ;
; Fitter               ; ubuintu-HP-Spectre-x360-Convertible-13-ac0XX ; Ubuntu 21.10 ; 21         ; x86_64         ;
; Assembler            ; ubuintu-HP-Spectre-x360-Convertible-13-ac0XX ; Ubuntu 21.10 ; 21         ; x86_64         ;
; Timing Analyzer      ; ubuintu-HP-Spectre-x360-Convertible-13-ac0XX ; Ubuntu 21.10 ; 21         ; x86_64         ;
; EDA Netlist Writer   ; ubuintu-HP-Spectre-x360-Convertible-13-ac0XX ; Ubuntu 21.10 ; 21         ; x86_64         ;
+----------------------+----------------------------------------------+--------------+------------+----------------+


------------
; Flow Log ;
------------
quartus_map --read_settings_files=on --write_settings_files=off GSM_101Mults -c GSM_101Mults
quartus_fit --read_settings_files=off --write_settings_files=off GSM_101Mults -c GSM_101Mults
quartus_asm --read_settings_files=off --write_settings_files=off GSM_101Mults -c GSM_101Mults
quartus_sta GSM_101Mults -c GSM_101Mults
quartus_eda --read_settings_files=off --write_settings_files=off GSM_101Mults -c GSM_101Mults



