EDA Netlist Writer report for MER_circuit
Fri Mar 25 23:19:45 2022
Quartus Prime Version 20.1.1 Build 720 11/11/2020 SJ Lite Edition


---------------------
; Table of Contents ;
---------------------
  1. Legal Notice
  2. EDA Netlist Writer Summary
  3. EDA Netlist Writer Messages



----------------
; Legal Notice ;
----------------
Copyright (C) 2020  Intel Corporation. All rights reserved.
Your use of Intel Corporation's design tools, logic functions 
and other software and tools, and any partner logic 
functions, and any output files from any of the foregoing 
(including device programming or simulation files), and any 
associated documentation or information are expressly subject 
to the terms and conditions of the Intel Program License 
Subscription Agreement, the Intel Quartus Prime License Agreement,
the Intel FPGA IP License Agreement, or other applicable license
agreement, including, without limitation, that your use is for
the sole purpose of programming logic devices manufactured by
Intel and sold by Intel or its authorized distributors.  Please
refer to the applicable agreement for further details, at
https://fpgasoftware.intel.com/eula.



+---------------------------------------------------------------+
; EDA Netlist Writer Summary                                    ;
+---------------------------+-----------------------------------+
; EDA Netlist Writer Status ; Failed - Fri Mar 25 23:19:45 2022 ;
; Revision Name             ; MER_circuit                       ;
; Top-level Entity Name     ; MER_circuit                       ;
; Family                    ; Cyclone IV E                      ;
+---------------------------+-----------------------------------+


+-----------------------------+
; EDA Netlist Writer Messages ;
+-----------------------------+
Info: *******************************************************************
Info: Running Quartus Prime EDA Netlist Writer
    Info: Version 20.1.1 Build 720 11/11/2020 SJ Lite Edition
    Info: Processing started: Fri Mar 25 23:19:45 2022
Info: Command: quartus_eda --read_settings_files=off --write_settings_files=off MER_circuit -c MER_circuit
Warning (18236): Number of processors has not been specified which may cause overloading on shared machines.  Set the global assignment NUM_PARALLEL_PROCESSORS in your QSF to an appropriate value for best performance.
Error (204009): Can't generate netlist output files because the license for encrypted file "A:/School/EE465/EE465/3Deliverable/Timing_analysis/incremental_db/compiled_partitions/MER_circuit.srrct_bd4a1.map.atm" is not available
Error (204009): Can't generate netlist output files because the license for encrypted file "A:/School/EE465/EE465/3Deliverable/Timing_analysis/incremental_db/compiled_partitions/MER_circuit.srrct_bd4a1.map.atm" is not available
Error (204009): Can't generate netlist output files because the license for encrypted file "A:/School/EE465/EE465/3Deliverable/Timing_analysis/incremental_db/compiled_partitions/MER_circuit.srrct_bd4a1.map.atm" is not available
Error: Quartus Prime EDA Netlist Writer was unsuccessful. 3 errors, 1 warning
    Error: Peak virtual memory: 4642 megabytes
    Error: Processing ended: Fri Mar 25 23:19:45 2022
    Error: Elapsed time: 00:00:00
    Error: Total CPU time (on all processors): 00:00:01


